#-----------------------------------------------------------
# Vivado v2017.3 (64-bit)
# SW Build 2018833 on Wed Oct  4 19:58:22 MDT 2017
# IP Build 2016188 on Wed Oct  4 21:52:56 MDT 2017
# Start of session at: Fri Mar 23 10:59:47 2018
# Process ID: 1832
# Current directory: C:/Users/t.anjary/Desktop/Personal Project/vcurrent
# Command line: vivado.exe -gui_launcher_event rodinguilauncherevent6544 C:\Users\t.anjary\Desktop\Personal Project\vcurrent\VGA_trial.xpr
# Log file: C:/Users/t.anjary/Desktop/Personal Project/vcurrent/vivado.log
# Journal file: C:/Users/t.anjary/Desktop/Personal Project/vcurrent\vivado.jou
#-----------------------------------------------------------
start_gui
open_project {C:/Users/t.anjary/Desktop/Personal Project/vcurrent/VGA_trial.xpr}
Scanning sources...
Finished scanning sources
INFO: [IP_Flow 19-234] Refreshing IP repositories
INFO: [IP_Flow 19-1704] No user IP repositories specified
INFO: [IP_Flow 19-2313] Loaded Vivado IP repository 'C:/Xilinx3/Vivado/2017.3/data/ip'.
open_project: Time (s): cpu = 00:00:13 ; elapsed = 00:00:25 . Memory (MB): peak = 687.305 ; gain = 59.352
update_compile_order -fileset sources_1
reset_run synth_1
launch_runs impl_1 -to_step write_bitstream -jobs 4
[Fri Mar 23 11:25:28 2018] Launched synth_1...
Run output will be captured here: C:/Users/t.anjary/Desktop/Personal Project/vcurrent/VGA_trial.runs/synth_1/runme.log
[Fri Mar 23 11:25:28 2018] Launched impl_1...
Run output will be captured here: C:/Users/t.anjary/Desktop/Personal Project/vcurrent/VGA_trial.runs/impl_1/runme.log
reset_run synth_1
launch_runs impl_1 -to_step write_bitstream -jobs 4
[Fri Mar 23 11:27:06 2018] Launched synth_1...
Run output will be captured here: C:/Users/t.anjary/Desktop/Personal Project/vcurrent/VGA_trial.runs/synth_1/runme.log
[Fri Mar 23 11:27:06 2018] Launched impl_1...
Run output will be captured here: C:/Users/t.anjary/Desktop/Personal Project/vcurrent/VGA_trial.runs/impl_1/runme.log
exit
INFO: [Common 17-206] Exiting Vivado at Fri Mar 23 12:26:43 2018...
